Library/Bee/Android/Prj/IL2CPP/Gradle/launcher/build/intermediates/manifest_merge_blame_file/release/manifest-merger-blame-release-report.txt
1<?xml version="1.0" encoding="utf-8"?>
2<manifest xmlns:android="http://schemas.android.com/apk/res/android"
3    package="com.um.mystickynotes"
4    android:installLocation="preferExternal"
5    android:versionCode="1"
6    android:versionName="0.1" >
7
8    <uses-sdk
9        android:minSdkVersion="29"
9-->src\main\AndroidManifest.xml
10        android:targetSdkVersion="35" />
10-->src\main\AndroidManifest.xml
11
12    <supports-screens
12-->src\main\AndroidManifest.xml:3:3-163
13        android:anyDensity="true"
13-->src\main\AndroidManifest.xml:3:135-160
14        android:largeScreens="true"
14-->src\main\AndroidManifest.xml:3:78-105
15        android:normalScreens="true"
15-->src\main\AndroidManifest.xml:3:49-77
16        android:smallScreens="true"
16-->src\main\AndroidManifest.xml:3:21-48
17        android:xlargeScreens="true" />
17-->src\main\AndroidManifest.xml:3:106-134
18
19    <uses-permission android:name="android.permission.INTERNET" />
19-->[:unityLibrary] AndroidManifest.xml:8:5-67
19-->[:unityLibrary] AndroidManifest.xml:8:22-64
20    <uses-permission android:name="android.permission.ACCESS_NETWORK_STATE" />
20-->[:unityLibrary] AndroidManifest.xml:9:5-79
20-->[:unityLibrary] AndroidManifest.xml:9:22-76
21
22    <uses-feature android:glEsVersion="0x00030000" />
22-->[:unityLibrary] AndroidManifest.xml:11:5-54
22-->[:unityLibrary] AndroidManifest.xml:11:19-51
23
24    <uses-permission android:name="android.permission.CAMERA" />
24-->[:unityLibrary] AndroidManifest.xml:13:5-65
24-->[:unityLibrary] AndroidManifest.xml:13:22-62
25
26    <uses-feature
26-->[:unityLibrary] AndroidManifest.xml:15:5-17:36
27        android:name="android.hardware.camera"
27-->[:unityLibrary] AndroidManifest.xml:16:9-47
28        android:required="true" />
28-->[:unityLibrary] AndroidManifest.xml:17:9-33
29    <uses-feature
29-->[:unityLibrary] AndroidManifest.xml:18:5-20:36
30        android:name="android.hardware.camera.autofocus"
30-->[:unityLibrary] AndroidManifest.xml:19:9-57
31        android:required="false" />
31-->[:unityLibrary] AndroidManifest.xml:20:9-33
32    <uses-feature
32-->[:unityLibrary] AndroidManifest.xml:21:5-23:36
33        android:name="android.hardware.camera.front"
33-->[:unityLibrary] AndroidManifest.xml:22:9-53
34        android:required="false" />
34-->[:unityLibrary] AndroidManifest.xml:23:9-33
35    <uses-feature
35-->[:unityLibrary] AndroidManifest.xml:24:5-26:36
36        android:name="android.hardware.touchscreen"
36-->[:unityLibrary] AndroidManifest.xml:25:9-52
37        android:required="false" />
37-->[:unityLibrary] AndroidManifest.xml:26:9-33
38    <uses-feature
38-->[:unityLibrary] AndroidManifest.xml:27:5-29:36
39        android:name="android.hardware.touchscreen.multitouch"
39-->[:unityLibrary] AndroidManifest.xml:28:9-63
40        android:required="false" />
40-->[:unityLibrary] AndroidManifest.xml:29:9-33
41    <uses-feature
41-->[:unityLibrary] AndroidManifest.xml:30:5-32:36
42        android:name="android.hardware.touchscreen.multitouch.distinct"
42-->[:unityLibrary] AndroidManifest.xml:31:9-72
43        android:required="false" />
43-->[:unityLibrary] AndroidManifest.xml:32:9-33
44    <uses-feature
44-->[:unityLibrary] AndroidManifest.xml:33:5-35:35
45        android:name="android.hardware.camera.ar"
45-->[:unityLibrary] AndroidManifest.xml:34:9-50
46        android:required="true" />
46-->[:unityLibrary] AndroidManifest.xml:35:9-32
47    <uses-feature
47-->[:unityLibrary] AndroidManifest.xml:36:5-38:35
48        android:name="com.google.ar.core.depth"
48-->[:unityLibrary] AndroidManifest.xml:37:9-48
49        android:required="true" />
49-->[:unityLibrary] AndroidManifest.xml:38:9-32
50
51    <uses-permission android:name="android.permission.WAKE_LOCK" />
51-->[com.google.android.gms:play-services-measurement:22.4.0] AndroidManifest.xml:25:5-68
51-->[com.google.android.gms:play-services-measurement:22.4.0] AndroidManifest.xml:25:22-65
52    <uses-permission android:name="com.google.android.finsky.permission.BIND_GET_INSTALL_REFERRER_SERVICE" />
52-->[com.google.android.gms:play-services-measurement:22.4.0] AndroidManifest.xml:26:5-110
52-->[com.google.android.gms:play-services-measurement:22.4.0] AndroidManifest.xml:26:22-107
53    <uses-permission android:name="com.google.android.gms.permission.AD_ID" />
53-->[com.google.android.gms:play-services-measurement-impl:22.4.0] AndroidManifest.xml:27:5-79
53-->[com.google.android.gms:play-services-measurement-impl:22.4.0] AndroidManifest.xml:27:22-76
54    <uses-permission android:name="android.permission.ACCESS_ADSERVICES_ATTRIBUTION" />
54-->[com.google.android.gms:play-services-measurement-api:22.4.0] AndroidManifest.xml:26:5-88
54-->[com.google.android.gms:play-services-measurement-api:22.4.0] AndroidManifest.xml:26:22-85
55    <uses-permission android:name="android.permission.ACCESS_ADSERVICES_AD_ID" />
55-->[com.google.android.gms:play-services-measurement-api:22.4.0] AndroidManifest.xml:27:5-82
55-->[com.google.android.gms:play-services-measurement-api:22.4.0] AndroidManifest.xml:27:22-79
56
57    <queries>
57-->[:arcore_client:] AndroidManifest.xml:29:5-31:15
58        <package android:name="com.google.ar.core" />
58-->[:arcore_client:] AndroidManifest.xml:30:9-54
58-->[:arcore_client:] AndroidManifest.xml:30:18-51
59    </queries>
60    <!--
61        Required by Vuforia: Add this permission to access IMU sensors at high rate
62        for device tracker functionality on Android 12+.
63    -->
64    <uses-permission android:name="android.permission.HIGH_SAMPLING_RATE_SENSORS" />
64-->[:VuforiaEngine:] AndroidManifest.xml:16:5-85
64-->[:VuforiaEngine:] AndroidManifest.xml:16:22-82
65    <uses-permission android:name="com.google.android.providers.gsf.permission.READ_GSERVICES" />
65-->[com.google.android.recaptcha:recaptcha:18.6.1] AndroidManifest.xml:9:5-98
65-->[com.google.android.recaptcha:recaptcha:18.6.1] AndroidManifest.xml:9:22-95
66
67    <permission
67-->[androidx.core:core:1.9.0] AndroidManifest.xml:22:5-24:47
68        android:name="com.um.mystickynotes.DYNAMIC_RECEIVER_NOT_EXPORTED_PERMISSION"
68-->[androidx.core:core:1.9.0] AndroidManifest.xml:23:9-81
69        android:protectionLevel="signature" />
69-->[androidx.core:core:1.9.0] AndroidManifest.xml:24:9-44
70
71    <uses-permission android:name="com.um.mystickynotes.DYNAMIC_RECEIVER_NOT_EXPORTED_PERMISSION" />
71-->[androidx.core:core:1.9.0] AndroidManifest.xml:26:5-97
71-->[androidx.core:core:1.9.0] AndroidManifest.xml:26:22-94
72
73    <application
73-->src\main\AndroidManifest.xml:4:3-83
74        android:appComponentFactory="androidx.core.app.CoreComponentFactory"
74-->[androidx.core:core:1.9.0] AndroidManifest.xml:28:18-86
75        android:extractNativeLibs="true"
75-->[:unityLibrary] AndroidManifest.xml:40:18-50
76        android:icon="@mipmap/app_icon"
76-->src\main\AndroidManifest.xml:4:49-80
77        android:label="@string/app_name" >
77-->src\main\AndroidManifest.xml:4:16-48
78        <activity
78-->[:unityLibrary] AndroidManifest.xml:41:9-62:20
79            android:name="com.unity3d.player.UnityPlayerActivity"
79-->[:unityLibrary] AndroidManifest.xml:42:13-66
80            android:configChanges="mcc|mnc|locale|touchscreen|keyboard|keyboardHidden|navigation|orientation|screenLayout|uiMode|screenSize|smallestScreenSize|fontScale|layoutDirection|density"
80-->[:unityLibrary] AndroidManifest.xml:43:13-194
81            android:exported="true"
81-->[:unityLibrary] AndroidManifest.xml:44:13-36
82            android:hardwareAccelerated="false"
82-->[:unityLibrary] AndroidManifest.xml:45:13-48
83            android:launchMode="singleTask"
83-->[:unityLibrary] AndroidManifest.xml:46:13-44
84            android:resizeableActivity="false"
84-->[:unityLibrary] AndroidManifest.xml:47:13-47
85            android:screenOrientation="fullUser"
85-->[:unityLibrary] AndroidManifest.xml:48:13-49
86            android:theme="@style/UnityThemeSelector" >
86-->[:unityLibrary] AndroidManifest.xml:49:13-54
87            <intent-filter>
87-->[:unityLibrary] AndroidManifest.xml:50:13-54:29
88                <action android:name="android.intent.action.MAIN" />
88-->[:unityLibrary] AndroidManifest.xml:51:17-69
88-->[:unityLibrary] AndroidManifest.xml:51:25-66
89
90                <category android:name="android.intent.category.LAUNCHER" />
90-->[:unityLibrary] AndroidManifest.xml:53:17-77
90-->[:unityLibrary] AndroidManifest.xml:53:27-74
91            </intent-filter>
92
93            <meta-data
93-->[:unityLibrary] AndroidManifest.xml:56:13-58:40
94                android:name="unityplayer.UnityActivity"
94-->[:unityLibrary] AndroidManifest.xml:57:17-57
95                android:value="true" />
95-->[:unityLibrary] AndroidManifest.xml:58:17-37
96            <meta-data
96-->[:unityLibrary] AndroidManifest.xml:59:13-61:40
97                android:name="android.notch_support"
97-->[:unityLibrary] AndroidManifest.xml:60:17-53
98                android:value="true" />
98-->[:unityLibrary] AndroidManifest.xml:61:17-37
99        </activity>
100
101        <meta-data
101-->[:unityLibrary] AndroidManifest.xml:64:9-66:33
102            android:name="unity.splash-mode"
102-->[:unityLibrary] AndroidManifest.xml:65:13-45
103            android:value="0" />
103-->[:unityLibrary] AndroidManifest.xml:66:13-30
104        <meta-data
104-->[:unityLibrary] AndroidManifest.xml:67:9-69:36
105            android:name="unity.splash-enable"
105-->[:unityLibrary] AndroidManifest.xml:68:13-47
106            android:value="True" />
106-->[:unityLibrary] AndroidManifest.xml:69:13-33
107        <meta-data
107-->[:unityLibrary] AndroidManifest.xml:70:9-72:36
108            android:name="unity.launch-fullscreen"
108-->[:unityLibrary] AndroidManifest.xml:71:13-51
109            android:value="True" />
109-->[:unityLibrary] AndroidManifest.xml:72:13-33
110        <meta-data
110-->[:unityLibrary] AndroidManifest.xml:73:9-75:50
111            android:name="notch.config"
111-->[:unityLibrary] AndroidManifest.xml:74:13-40
112            android:value="portrait|landscape" />
112-->[:unityLibrary] AndroidManifest.xml:75:13-47
113        <meta-data
113-->[:unityLibrary] AndroidManifest.xml:76:9-78:36
114            android:name="unity.auto-report-fully-drawn"
114-->[:unityLibrary] AndroidManifest.xml:77:13-57
115            android:value="true" />
115-->[:unityLibrary] AndroidManifest.xml:78:13-33
116        <meta-data
116-->[:unityLibrary] AndroidManifest.xml:79:9-81:36
117            android:name="unityplayer.SkipPermissionsDialog"
117-->[:unityLibrary] AndroidManifest.xml:80:13-61
118            android:value="true" />
118-->[:unityLibrary] AndroidManifest.xml:81:13-33
119        <meta-data
119-->[:unityLibrary] AndroidManifest.xml:82:9-84:40
120            android:name="com.google.ar.core"
120-->[:unityLibrary] AndroidManifest.xml:83:13-46
121            android:value="optional" />
121-->[:unityLibrary] AndroidManifest.xml:84:13-37
122
123        <service
123-->[com.google.firebase:firebase-database:21.0.0] AndroidManifest.xml:26:9-35:19
124            android:name="com.google.firebase.components.ComponentDiscoveryService"
124-->[com.google.firebase:firebase-database:21.0.0] AndroidManifest.xml:27:13-84
125            android:directBootAware="true"
125-->[com.google.firebase:firebase-common:21.0.0] AndroidManifest.xml:32:13-43
126            android:exported="false" >
126-->[com.google.firebase:firebase-database:21.0.0] AndroidManifest.xml:28:13-37
127            <meta-data
127-->[com.google.firebase:firebase-database:21.0.0] AndroidManifest.xml:29:13-31:85
128                android:name="com.google.firebase.components:com.google.firebase.database.FirebaseDatabaseKtxRegistrar"
128-->[com.google.firebase:firebase-database:21.0.0] AndroidManifest.xml:30:17-120
129                android:value="com.google.firebase.components.ComponentRegistrar" />
129-->[com.google.firebase:firebase-database:21.0.0] AndroidManifest.xml:31:17-82
130            <meta-data
130-->[com.google.firebase:firebase-database:21.0.0] AndroidManifest.xml:32:13-34:85
131                android:name="com.google.firebase.components:com.google.firebase.database.DatabaseRegistrar"
131-->[com.google.firebase:firebase-database:21.0.0] AndroidManifest.xml:33:17-109
132                android:value="com.google.firebase.components.ComponentRegistrar" />
132-->[com.google.firebase:firebase-database:21.0.0] AndroidManifest.xml:34:17-82
133            <meta-data
133-->[com.google.firebase:firebase-auth:23.2.0] AndroidManifest.xml:69:13-71:85
134                android:name="com.google.firebase.components:com.google.firebase.auth.FirebaseAuthRegistrar"
134-->[com.google.firebase:firebase-auth:23.2.0] AndroidManifest.xml:70:17-109
135                android:value="com.google.firebase.components.ComponentRegistrar" />
135-->[com.google.firebase:firebase-auth:23.2.0] AndroidManifest.xml:71:17-82
136            <meta-data
136-->[com.google.android.gms:play-services-measurement-api:22.4.0] AndroidManifest.xml:33:13-35:85
137                android:name="com.google.firebase.components:com.google.firebase.analytics.connector.internal.AnalyticsConnectorRegistrar"
137-->[com.google.android.gms:play-services-measurement-api:22.4.0] AndroidManifest.xml:34:17-139
138                android:value="com.google.firebase.components.ComponentRegistrar" />
138-->[com.google.android.gms:play-services-measurement-api:22.4.0] AndroidManifest.xml:35:17-82
139            <meta-data
139-->[com.google.firebase:firebase-common-ktx:21.0.0] AndroidManifest.xml:12:13-14:85
140                android:name="com.google.firebase.components:com.google.firebase.ktx.FirebaseCommonLegacyRegistrar"
140-->[com.google.firebase:firebase-common-ktx:21.0.0] AndroidManifest.xml:13:17-116
141                android:value="com.google.firebase.components.ComponentRegistrar" />
141-->[com.google.firebase:firebase-common-ktx:21.0.0] AndroidManifest.xml:14:17-82
142            <meta-data
142-->[com.google.firebase:firebase-installations:17.0.1] AndroidManifest.xml:18:13-20:85
143                android:name="com.google.firebase.components:com.google.firebase.installations.FirebaseInstallationsRegistrar"
143-->[com.google.firebase:firebase-installations:17.0.1] AndroidManifest.xml:19:17-127
144                android:value="com.google.firebase.components.ComponentRegistrar" />
144-->[com.google.firebase:firebase-installations:17.0.1] AndroidManifest.xml:20:17-82
145            <meta-data
145-->[com.google.firebase:firebase-common:21.0.0] AndroidManifest.xml:35:13-37:85
146                android:name="com.google.firebase.components:com.google.firebase.FirebaseCommonKtxRegistrar"
146-->[com.google.firebase:firebase-common:21.0.0] AndroidManifest.xml:36:17-109
147                android:value="com.google.firebase.components.ComponentRegistrar" />
147-->[com.google.firebase:firebase-common:21.0.0] AndroidManifest.xml:37:17-82
148        </service>
149
150        <activity
150-->[com.google.firebase:firebase-auth:23.2.0] AndroidManifest.xml:29:9-46:20
151            android:name="com.google.firebase.auth.internal.GenericIdpActivity"
151-->[com.google.firebase:firebase-auth:23.2.0] AndroidManifest.xml:30:13-80
152            android:excludeFromRecents="true"
152-->[com.google.firebase:firebase-auth:23.2.0] AndroidManifest.xml:31:13-46
153            android:exported="true"
153-->[com.google.firebase:firebase-auth:23.2.0] AndroidManifest.xml:32:13-36
154            android:launchMode="singleTask"
154-->[com.google.firebase:firebase-auth:23.2.0] AndroidManifest.xml:33:13-44
155            android:theme="@android:style/Theme.Translucent.NoTitleBar" >
155-->[com.google.firebase:firebase-auth:23.2.0] AndroidManifest.xml:34:13-72
156            <intent-filter>
156-->[com.google.firebase:firebase-auth:23.2.0] AndroidManifest.xml:35:13-45:29
157                <action android:name="android.intent.action.VIEW" />
157-->[com.google.firebase:firebase-auth:23.2.0] AndroidManifest.xml:36:17-69
157-->[com.google.firebase:firebase-auth:23.2.0] AndroidManifest.xml:36:25-66
158
159                <category android:name="android.intent.category.DEFAULT" />
159-->[com.google.firebase:firebase-auth:23.2.0] AndroidManifest.xml:38:17-76
159-->[com.google.firebase:firebase-auth:23.2.0] AndroidManifest.xml:38:27-73
160                <category android:name="android.intent.category.BROWSABLE" />
160-->[com.google.firebase:firebase-auth:23.2.0] AndroidManifest.xml:39:17-78
160-->[com.google.firebase:firebase-auth:23.2.0] AndroidManifest.xml:39:27-75
161
162                <data
162-->[com.google.firebase:firebase-auth:23.2.0] AndroidManifest.xml:41:17-44:51
163                    android:host="firebase.auth"
163-->[com.google.firebase:firebase-auth:23.2.0] AndroidManifest.xml:42:21-49
164                    android:path="/"
164-->[com.google.firebase:firebase-auth:23.2.0] AndroidManifest.xml:43:21-37
165                    android:scheme="genericidp" />
165-->[com.google.firebase:firebase-auth:23.2.0] AndroidManifest.xml:44:21-48
166            </intent-filter>
167        </activity>
168        <activity
168-->[com.google.firebase:firebase-auth:23.2.0] AndroidManifest.xml:47:9-64:20
169            android:name="com.google.firebase.auth.internal.RecaptchaActivity"
169-->[com.google.firebase:firebase-auth:23.2.0] AndroidManifest.xml:48:13-79
170            android:excludeFromRecents="true"
170-->[com.google.firebase:firebase-auth:23.2.0] AndroidManifest.xml:49:13-46
171            android:exported="true"
171-->[com.google.firebase:firebase-auth:23.2.0] AndroidManifest.xml:50:13-36
172            android:launchMode="singleTask"
172-->[com.google.firebase:firebase-auth:23.2.0] AndroidManifest.xml:51:13-44
173            android:theme="@android:style/Theme.Translucent.NoTitleBar" >
173-->[com.google.firebase:firebase-auth:23.2.0] AndroidManifest.xml:52:13-72
174            <intent-filter>
174-->[com.google.firebase:firebase-auth:23.2.0] AndroidManifest.xml:53:13-63:29
175                <action android:name="android.intent.action.VIEW" />
175-->[com.google.firebase:firebase-auth:23.2.0] AndroidManifest.xml:36:17-69
175-->[com.google.firebase:firebase-auth:23.2.0] AndroidManifest.xml:36:25-66
176
177                <category android:name="android.intent.category.DEFAULT" />
177-->[com.google.firebase:firebase-auth:23.2.0] AndroidManifest.xml:38:17-76
177-->[com.google.firebase:firebase-auth:23.2.0] AndroidManifest.xml:38:27-73
178                <category android:name="android.intent.category.BROWSABLE" />
178-->[com.google.firebase:firebase-auth:23.2.0] AndroidManifest.xml:39:17-78
178-->[com.google.firebase:firebase-auth:23.2.0] AndroidManifest.xml:39:27-75
179
180                <data
180-->[com.google.firebase:firebase-auth:23.2.0] AndroidManifest.xml:41:17-44:51
181                    android:host="firebase.auth"
181-->[com.google.firebase:firebase-auth:23.2.0] AndroidManifest.xml:42:21-49
182                    android:path="/"
182-->[com.google.firebase:firebase-auth:23.2.0] AndroidManifest.xml:43:21-37
183                    android:scheme="recaptcha" />
183-->[com.google.firebase:firebase-auth:23.2.0] AndroidManifest.xml:44:21-48
184            </intent-filter>
185        </activity>
186
187        <service
187-->[androidx.credentials:credentials-play-services-auth:1.2.0-rc01] AndroidManifest.xml:24:9-32:19
188            android:name="androidx.credentials.playservices.CredentialProviderMetadataHolder"
188-->[androidx.credentials:credentials-play-services-auth:1.2.0-rc01] AndroidManifest.xml:25:13-94
189            android:enabled="true"
189-->[androidx.credentials:credentials-play-services-auth:1.2.0-rc01] AndroidManifest.xml:26:13-35
190            android:exported="false" >
190-->[androidx.credentials:credentials-play-services-auth:1.2.0-rc01] AndroidManifest.xml:27:13-37
191            <meta-data
191-->[androidx.credentials:credentials-play-services-auth:1.2.0-rc01] AndroidManifest.xml:29:13-31:104
192                android:name="androidx.credentials.CREDENTIAL_PROVIDER_KEY"
192-->[androidx.credentials:credentials-play-services-auth:1.2.0-rc01] AndroidManifest.xml:30:17-76
193                android:value="androidx.credentials.playservices.CredentialProviderPlayServicesImpl" />
193-->[androidx.credentials:credentials-play-services-auth:1.2.0-rc01] AndroidManifest.xml:31:17-101
194        </service>
195
196        <activity
196-->[androidx.credentials:credentials-play-services-auth:1.2.0-rc01] AndroidManifest.xml:34:9-41:20
197            android:name="androidx.credentials.playservices.HiddenActivity"
197-->[androidx.credentials:credentials-play-services-auth:1.2.0-rc01] AndroidManifest.xml:35:13-76
198            android:configChanges="orientation|screenSize|screenLayout|keyboardHidden"
198-->[androidx.credentials:credentials-play-services-auth:1.2.0-rc01] AndroidManifest.xml:36:13-87
199            android:enabled="true"
199-->[androidx.credentials:credentials-play-services-auth:1.2.0-rc01] AndroidManifest.xml:37:13-35
200            android:exported="false"
200-->[androidx.credentials:credentials-play-services-auth:1.2.0-rc01] AndroidManifest.xml:38:13-37
201            android:fitsSystemWindows="true"
201-->[androidx.credentials:credentials-play-services-auth:1.2.0-rc01] AndroidManifest.xml:39:13-45
202            android:theme="@style/Theme.Hidden" >
202-->[androidx.credentials:credentials-play-services-auth:1.2.0-rc01] AndroidManifest.xml:40:13-48
203        </activity>
204        <activity
204-->[com.google.android.gms:play-services-auth:20.7.0] AndroidManifest.xml:23:9-27:75
205            android:name="com.google.android.gms.auth.api.signin.internal.SignInHubActivity"
205-->[com.google.android.gms:play-services-auth:20.7.0] AndroidManifest.xml:24:13-93
206            android:excludeFromRecents="true"
206-->[com.google.android.gms:play-services-auth:20.7.0] AndroidManifest.xml:25:13-46
207            android:exported="false"
207-->[com.google.android.gms:play-services-auth:20.7.0] AndroidManifest.xml:26:13-37
208            android:theme="@android:style/Theme.Translucent.NoTitleBar" />
208-->[com.google.android.gms:play-services-auth:20.7.0] AndroidManifest.xml:27:13-72
209        <!--
210            Service handling Google Sign-In user revocation. For apps that do not integrate with
211            Google Sign-In, this service will never be started.
212        -->
213        <service
213-->[com.google.android.gms:play-services-auth:20.7.0] AndroidManifest.xml:33:9-37:51
214            android:name="com.google.android.gms.auth.api.signin.RevocationBoundService"
214-->[com.google.android.gms:play-services-auth:20.7.0] AndroidManifest.xml:34:13-89
215            android:exported="true"
215-->[com.google.android.gms:play-services-auth:20.7.0] AndroidManifest.xml:35:13-36
216            android:permission="com.google.android.gms.auth.api.signin.permission.REVOCATION_NOTIFICATION"
216-->[com.google.android.gms:play-services-auth:20.7.0] AndroidManifest.xml:36:13-107
217            android:visibleToInstantApps="true" />
217-->[com.google.android.gms:play-services-auth:20.7.0] AndroidManifest.xml:37:13-48
218
219        <receiver
219-->[com.google.android.gms:play-services-measurement:22.4.0] AndroidManifest.xml:29:9-33:20
220            android:name="com.google.android.gms.measurement.AppMeasurementReceiver"
220-->[com.google.android.gms:play-services-measurement:22.4.0] AndroidManifest.xml:30:13-85
221            android:enabled="true"
221-->[com.google.android.gms:play-services-measurement:22.4.0] AndroidManifest.xml:31:13-35
222            android:exported="false" >
222-->[com.google.android.gms:play-services-measurement:22.4.0] AndroidManifest.xml:32:13-37
223        </receiver>
224
225        <service
225-->[com.google.android.gms:play-services-measurement:22.4.0] AndroidManifest.xml:35:9-38:40
226            android:name="com.google.android.gms.measurement.AppMeasurementService"
226-->[com.google.android.gms:play-services-measurement:22.4.0] AndroidManifest.xml:36:13-84
227            android:enabled="true"
227-->[com.google.android.gms:play-services-measurement:22.4.0] AndroidManifest.xml:37:13-35
228            android:exported="false" />
228-->[com.google.android.gms:play-services-measurement:22.4.0] AndroidManifest.xml:38:13-37
229        <service
229-->[com.google.android.gms:play-services-measurement:22.4.0] AndroidManifest.xml:39:9-43:72
230            android:name="com.google.android.gms.measurement.AppMeasurementJobService"
230-->[com.google.android.gms:play-services-measurement:22.4.0] AndroidManifest.xml:40:13-87
231            android:enabled="true"
231-->[com.google.android.gms:play-services-measurement:22.4.0] AndroidManifest.xml:41:13-35
232            android:exported="false"
232-->[com.google.android.gms:play-services-measurement:22.4.0] AndroidManifest.xml:42:13-37
233            android:permission="android.permission.BIND_JOB_SERVICE" />
233-->[com.google.android.gms:play-services-measurement:22.4.0] AndroidManifest.xml:43:13-69
234
235        <activity
235-->[com.google.android.gms:play-services-base:18.6.0] AndroidManifest.xml:20:9-22:45
236            android:name="com.google.android.gms.common.api.GoogleApiActivity"
236-->[com.google.android.gms:play-services-base:18.6.0] AndroidManifest.xml:20:19-85
237            android:exported="false"
237-->[com.google.android.gms:play-services-base:18.6.0] AndroidManifest.xml:22:19-43
238            android:theme="@android:style/Theme.Translucent.NoTitleBar" />
238-->[com.google.android.gms:play-services-base:18.6.0] AndroidManifest.xml:21:19-78
239
240        <provider
240-->[com.google.firebase:firebase-common:21.0.0] AndroidManifest.xml:23:9-28:39
241            android:name="com.google.firebase.provider.FirebaseInitProvider"
241-->[com.google.firebase:firebase-common:21.0.0] AndroidManifest.xml:24:13-77
242            android:authorities="com.um.mystickynotes.firebaseinitprovider"
242-->[com.google.firebase:firebase-common:21.0.0] AndroidManifest.xml:25:13-72
243            android:directBootAware="true"
243-->[com.google.firebase:firebase-common:21.0.0] AndroidManifest.xml:26:13-43
244            android:exported="false"
244-->[com.google.firebase:firebase-common:21.0.0] AndroidManifest.xml:27:13-37
245            android:initOrder="100" /> <!-- The minimal version code of ARCore APK required for an app using this SDK. -->
245-->[com.google.firebase:firebase-common:21.0.0] AndroidManifest.xml:28:13-36
246        <meta-data
246-->[:arcore_client:] AndroidManifest.xml:36:9-38:41
247            android:name="com.google.ar.core.min_apk_version"
247-->[:arcore_client:] AndroidManifest.xml:37:13-62
248            android:value="210910000" /> <!-- This activity is critical for installing ARCore when it is not already present. -->
248-->[:arcore_client:] AndroidManifest.xml:38:13-38
249        <activity
249-->[:arcore_client:] AndroidManifest.xml:40:9-46:80
250            android:name="com.google.ar.core.InstallActivity"
250-->[:arcore_client:] AndroidManifest.xml:41:13-62
251            android:configChanges="keyboardHidden|orientation|screenSize"
251-->[:arcore_client:] AndroidManifest.xml:42:13-74
252            android:excludeFromRecents="true"
252-->[:arcore_client:] AndroidManifest.xml:43:13-46
253            android:exported="false"
253-->[:arcore_client:] AndroidManifest.xml:44:13-37
254            android:launchMode="singleTop"
254-->[:arcore_client:] AndroidManifest.xml:45:13-43
255            android:theme="@android:style/Theme.Material.Light.Dialog.Alert" />
255-->[:arcore_client:] AndroidManifest.xml:46:13-77
256
257        <provider
257-->[:VuforiaEngine:] AndroidManifest.xml:25:9-33:20
258            android:name="com.vuforia.engine.app.VuforiaContentProvider"
258-->[:VuforiaEngine:] AndroidManifest.xml:26:13-73
259            android:authorities="com.um.mystickynotes.vuforia.share"
259-->[:VuforiaEngine:] AndroidManifest.xml:27:13-65
260            android:exported="false"
260-->[:VuforiaEngine:] AndroidManifest.xml:28:13-37
261            android:grantUriPermissions="true" >
261-->[:VuforiaEngine:] AndroidManifest.xml:29:13-47
262            <meta-data
262-->[:VuforiaEngine:] AndroidManifest.xml:30:13-32:53
263                android:name="android.support.FILE_PROVIDER_PATHS"
263-->[:VuforiaEngine:] AndroidManifest.xml:31:17-67
264                android:resource="@xml/filepaths" />
264-->[:VuforiaEngine:] AndroidManifest.xml:32:17-50
265        </provider>
266
267        <uses-library
267-->[androidx.privacysandbox.ads:ads-adservices:1.1.0-beta11] AndroidManifest.xml:23:9-25:40
268            android:name="android.ext.adservices"
268-->[androidx.privacysandbox.ads:ads-adservices:1.1.0-beta11] AndroidManifest.xml:24:13-50
269            android:required="false" />
269-->[androidx.privacysandbox.ads:ads-adservices:1.1.0-beta11] AndroidManifest.xml:25:13-37
270
271        <meta-data
271-->[com.google.android.gms:play-services-basement:18.6.0] AndroidManifest.xml:21:9-23:69
272            android:name="com.google.android.gms.version"
272-->[com.google.android.gms:play-services-basement:18.6.0] AndroidManifest.xml:22:13-58
273            android:value="@integer/google_play_services_version" /> <!-- The activities will be merged into the manifest of the hosting app. -->
273-->[com.google.android.gms:play-services-basement:18.6.0] AndroidManifest.xml:23:13-66
274        <activity
274-->[com.google.android.play:core-common:2.0.3] AndroidManifest.xml:14:9-18:65
275            android:name="com.google.android.play.core.common.PlayCoreDialogWrapperActivity"
275-->[com.google.android.play:core-common:2.0.3] AndroidManifest.xml:15:13-93
276            android:exported="false"
276-->[com.google.android.play:core-common:2.0.3] AndroidManifest.xml:16:13-37
277            android:stateNotNeeded="true"
277-->[com.google.android.play:core-common:2.0.3] AndroidManifest.xml:17:13-42
278            android:theme="@style/Theme.PlayCore.Transparent" />